<?xml version="1.0" encoding="UTF-8"?>
<!-- Generated by org.testng.reporters.JUnitReportReporter -->
<testsuite hostname="eq1vvwbpro3008" failures="0" tests="1" name="com.inetbanking.testCases.LoginPage_TC_001" time="23.428" errors="0" timestamp="2021-05-30T03:50:23 PDT" skipped="0">
  <testcase classname="com.inetbanking.testCases.LoginPage_TC_001" name="Login" time="23.428"/>
  <system-out/>
</testsuite> <!-- com.inetbanking.testCases.LoginPage_TC_001 -->
