<?xml version="1.0" encoding="UTF-8"?>
<!-- Generated by org.testng.reporters.JUnitReportReporter -->
<testsuite hostname="CAPMPTLAP0298" failures="0" tests="1" name="com.inetbanking.testCases.Customer" time="18.359" errors="0" timestamp="02 Jun 2021 07:55:18 GMT" skipped="0">
  <testcase classname="com.inetbanking.testCases.Customer" name="AddNewCustomer" time="18.359"/>
</testsuite> <!-- com.inetbanking.testCases.Customer -->
