<?xml version="1.0" encoding="UTF-8"?>
<!-- Generated by org.testng.reporters.JUnitReportReporter -->
<testsuite skipped="0" hostname="CAPMPTLAP0298" name="com.inetbanking.testCases.LoginPage_TC_001" tests="1" failures="0" timestamp="04 Jun 2021 12:49:22 GMT" time="33.167" errors="0">
  <testcase name="Login" time="33.167" classname="com.inetbanking.testCases.LoginPage_TC_001"/>
</testsuite> <!-- com.inetbanking.testCases.LoginPage_TC_001 -->
