<?xml version="1.0" encoding="UTF-8"?>
<!-- Generated by org.testng.reporters.JUnitReportReporter -->
<testsuite skipped="0" hostname="CAPMPTLAP0298" name="com.inetbanking.testCases.Customer" tests="1" failures="0" timestamp="04 Jun 2021 12:49:22 GMT" time="48.797" errors="0">
  <testcase name="AddNewCustomer" time="48.797" classname="com.inetbanking.testCases.Customer"/>
</testsuite> <!-- com.inetbanking.testCases.Customer -->
